<?xml version="1.0" encoding="UTF-8"?>
<!-- Generated by org.testng.reporters.JUnitXMLReporter -->
<testsuite hostname="MPHILIPO" ignored="4" name="Default test" tests="1" failures="0" timestamp="2020-08-18T18:54:31 IST" time="114.877" errors="0">
  <testcase name="TC04_TakeChallenge" time="93.413" classname="mobile.casestudy.test.testRunner"/>
  <testcase name="TC03_LanguageSelection" time="0.0" classname="mobile.casestudy.test.testRunner">
    <ignored/>
  </testcase> <!-- TC03_LanguageSelection -->
  <testcase name="TC02_CourseSelection" time="0.0" classname="mobile.casestudy.test.testRunner">
    <ignored/>
  </testcase> <!-- TC02_CourseSelection -->
  <testcase name="TC01_Login" time="0.0" classname="mobile.casestudy.test.testRunner">
    <ignored/>
  </testcase> <!-- TC01_Login -->
  <testcase name="TC05_RunVideo" time="0.0" classname="mobile.casestudy.test.testRunner">
    <ignored/>
  </testcase> <!-- TC05_RunVideo -->
</testsuite> <!-- Default test -->
